<?xml version="1.0" encoding="UTF-8" ?>
<testsuite tests="1" failures="0" name="org.example.AppTest" time="0.004" errors="0" skipped="0">
  <properties>
    <property name="idea.version" value="2020.2"/>
    <property name="java.runtime.name" value="Java(TM) SE Runtime Environment"/>
    <property name="sun.boot.library.path" value="D:\developer\sdk\jdk\jdk1.8.0_162\jre\bin"/>
    <property name="java.vm.version" value="25.162-b12"/>
    <property name="java.vm.vendor" value="Oracle Corporation"/>
    <property name="maven.multiModuleProjectDirectory" value="D:\developer\repo\demoRepo\code-examples\dgraph-demo"/>
    <property name="java.vendor.url" value="http://java.oracle.com/"/>
    <property name="path.separator" value=";"/>
    <property name="guice.disable.misplaced.annotation.check" value="true"/>
    <property name="java.vm.name" value="Java HotSpot(TM) 64-Bit Server VM"/>
    <property name="file.encoding.pkg" value="sun.io"/>
    <property name="user.script" value=""/>
    <property name="user.country" value="CN"/>
    <property name="sun.java.launcher" value="SUN_STANDARD"/>
    <property name="sun.os.patch.level" value=""/>
    <property name="java.vm.specification.name" value="Java Virtual Machine Specification"/>
    <property name="user.dir" value="D:\developer\repo\demoRepo\code-examples\dgraph-demo"/>
    <property name="java.runtime.version" value="1.8.0_162-b12"/>
    <property name="java.awt.graphicsenv" value="sun.awt.Win32GraphicsEnvironment"/>
    <property name="java.endorsed.dirs" value="D:\developer\sdk\jdk\jdk1.8.0_162\jre\lib\endorsed"/>
    <property name="os.arch" value="amd64"/>
    <property name="java.io.tmpdir" value="C:\Users\ZHUANG~1.CHO\AppData\Local\Temp\"/>
    <property name="line.separator" value="
"/>
    <property name="java.vm.specification.vendor" value="Oracle Corporation"/>
    <property name="user.variant" value=""/>
    <property name="os.name" value="Windows 10"/>
    <property name="maven.ext.class.path" value="D:\developer\ide\JetBrains\IntelliJ IDEA 2020.2\plugins\maven\lib\maven-event-listener.jar"/>
    <property name="classworlds.conf" value="D:\developer\tool\maven\apache-maven-3.6.3\bin\m2.conf"/>
    <property name="sun.jnu.encoding" value="GBK"/>
    <property name="java.library.path" value="D:\developer\sdk\jdk\jdk1.8.0_162\bin;C:\Windows\Sun\Java\bin;C:\Windows\system32;C:\Windows;D:\developer\toolNetSarang\Xshell 7\;C:\Windows\system32;C:\Windows;C:\Windows\System32\Wbem;C:\Windows\System32\WindowsPowerShell\v1.0\;C:\Windows\System32\OpenSSH\;D:\developer\tool\Git\cmd;D:\developer\sdk\jdk\jdk1.8.0_162\bin;D:\developer\sdk\nodejs\;D:\developer\tool\maven\apache-maven-3.6.3\bin;D:\developer\tool\netcat-win32-1.12;D:\developer\tool\gradle\gradle-6.6.1\bin;C:\Users\zhuang.chong\AppData\Local\Microsoft\WindowsApps;C:\Program Files\Bandizip\;C:\Users\zhuang.chong\AppData\Roaming\npm;C:\Users\zhuang.chong\AppData\Local\Pandoc\;."/>
    <property name="maven.conf" value="D:\developer\tool\maven\apache-maven-3.6.3/conf"/>
    <property name="java.specification.name" value="Java Platform API Specification"/>
    <property name="java.class.version" value="52.0"/>
    <property name="sun.management.compiler" value="HotSpot 64-Bit Tiered Compilers"/>
    <property name="maven.repo.local" value="D:\developer\tool\maven\mvnRespo"/>
    <property name="os.version" value="10.0"/>
    <property name="user.home" value="C:\Users\zhuang.chong"/>
    <property name="user.timezone" value="Asia/Shanghai"/>
    <property name="java.awt.printerjob" value="sun.awt.windows.WPrinterJob"/>
    <property name="java.specification.version" value="1.8"/>
    <property name="file.encoding" value="UTF-8"/>
    <property name="user.name" value="zhuang.chong"/>
    <property name="java.class.path" value="D:\developer\tool\maven\apache-maven-3.6.3\boot\plexus-classworlds-2.6.0.jar;D:\developer\tool\maven\apache-maven-3.6.3\boot\plexus-classworlds.license;D:\developer\ide\JetBrains\IntelliJ IDEA 2020.2\lib\idea_rt.jar"/>
    <property name="java.vm.specification.version" value="1.8"/>
    <property name="sun.arch.data.model" value="64"/>
    <property name="java.home" value="D:\developer\sdk\jdk\jdk1.8.0_162\jre"/>
    <property name="sun.java.command" value="org.codehaus.classworlds.Launcher -Didea.version=2020.2 -s D:\developer\tool\maven\apache-maven-3.6.3\conf\settings.xml -Dmaven.repo.local=D:\developer\tool\maven\mvnRespo package"/>
    <property name="java.specification.vendor" value="Oracle Corporation"/>
    <property name="user.language" value="zh"/>
    <property name="awt.toolkit" value="sun.awt.windows.WToolkit"/>
    <property name="java.vm.info" value="mixed mode"/>
    <property name="java.version" value="1.8.0_162"/>
    <property name="java.ext.dirs" value="D:\developer\sdk\jdk\jdk1.8.0_162\jre\lib\ext;C:\Windows\Sun\Java\lib\ext"/>
    <property name="sun.boot.class.path" value="D:\developer\sdk\jdk\jdk1.8.0_162\jre\lib\resources.jar;D:\developer\sdk\jdk\jdk1.8.0_162\jre\lib\rt.jar;D:\developer\sdk\jdk\jdk1.8.0_162\jre\lib\sunrsasign.jar;D:\developer\sdk\jdk\jdk1.8.0_162\jre\lib\jsse.jar;D:\developer\sdk\jdk\jdk1.8.0_162\jre\lib\jce.jar;D:\developer\sdk\jdk\jdk1.8.0_162\jre\lib\charsets.jar;D:\developer\sdk\jdk\jdk1.8.0_162\jre\lib\jfr.jar;D:\developer\sdk\jdk\jdk1.8.0_162\jre\classes"/>
    <property name="java.vendor" value="Oracle Corporation"/>
    <property name="maven.home" value="D:\developer\tool\maven\apache-maven-3.6.3"/>
    <property name="file.separator" value="\"/>
    <property name="java.vendor.url.bug" value="http://bugreport.sun.com/bugreport/"/>
    <property name="sun.cpu.endian" value="little"/>
    <property name="sun.io.unicode.encoding" value="UnicodeLittle"/>
    <property name="sun.desktop" value="windows"/>
    <property name="sun.cpu.isalist" value="amd64"/>
  </properties>
  <testcase classname="org.example.AppTest" name="shouldAnswerWithTrue" time="0.004"/>
</testsuite>